JAVA.UTIL.LOGGING.LOGRECORD@4977747CJAVA.UTIL.LOGGING.LOGRECORD@2A1A43FDJAVA.UTIL.LOGGING.LOGRECORD@140D5CC6JAVA.UTIL.LOGGING.LOGRECORD@393C603FJAVA.UTIL.LOGGING.LOGRECORD@4141C94EJAVA.UTIL.LOGGING.LOGRECORD@172488C8JAVA.UTIL.LOGGING.LOGRECORD@69B11D86JAVA.UTIL.LOGGING.LOGRECORD@3356A517JAVA.UTIL.LOGGING.LOGRECORD@7C12118AJAVA.UTIL.LOGGING.LOGRECORD@4FC3B408JAVA.UTIL.LOGGING.LOGRECORD@2807AB8EJAVA.UTIL.LOGGING.LOGRECORD@44757145JAVA.UTIL.LOGGING.LOGRECORD@16C4FE37JAVA.UTIL.LOGGING.LOGRECORD@4681ECB1JAVA.UTIL.LOGGING.LOGRECORD@53CF6434JAVA.UTIL.LOGGING.LOGRECORD@3C5FC851JAVA.UTIL.LOGGING.LOGRECORD@D5BBCABJAVA.UTIL.LOGGING.LOGRECORD@44F63DD5JAVA.UTIL.LOGGING.LOGRECORD@6C301FBBJAVA.UTIL.LOGGING.LOGRECORD@2EEF4F2CJAVA.UTIL.LOGGING.LOGRECORD@7E8100BEJAVA.UTIL.LOGGING.LOGRECORD@B6C822EJAVA.UTIL.LOGGING.LOGRECORD@674D993FJAVA.UTIL.LOGGING.LOGRECORD@330F2CD5JAVA.UTIL.LOGGING.LOGRECORD@2A6FD999JAVA.UTIL.LOGGING.LOGRECORD@101173FFINFO: INICIO DE LA APLICACIÓN WALLPOST
INFO: CLICK EN LIKE
INFO: CLICK EN LIKE
INFO: CLICK EN LIKE
INFO: CLICK EN LIKE
INFO: CLICK EN LIKE
INFO: CLICK EN LIKE
INFO: CLICK EN LIKE
INFO: CLICK EN LIKE
INFO: CLICK EN LIKE
INFO: CLICK EN LIKE
INFO: CLICK EN LIKE
INFO: CLICK EN DISLIKE
INFO: CLICK EN DISLIKE
INFO: CLICK EN DISLIKE
INFO: CLICK EN DISLIKE
INFO: CLICK EN DISLIKE
INFO: CLICK EN DISLIKE
INFO: CLICK EN DISLIKE
INFO: CLICK EN DISLIKE
INFO: CLICK EN DISLIKE
INFO: CLICK EN DISLIKE
INFO: CLICK EN DISLIKE
INFO: CLICK EN FEATURED: ACTIVADO
INFO: CLICK EN FEATURED: DESACTIVADO
INFO: TEXTO DEL POST MODIFICADO (INSERT)
INFO: TEXTO DEL POST MODIFICADO (INSERT)
INFO: TEXTO DEL POST MODIFICADO (INSERT)
INFO: CLICK EN DISLIKE
INFO: CLICK EN LIKE
INFO: INICIO DE LA APLICACIÓN WALLPOST
INFO: CLICK EN FEATURED: ACTIVADO
INFO: CLICK EN LIKE
INFO: CLICK EN LIKE
INFO: CLICK EN LIKE
INFO: CLICK EN LIKE
INFO: CLICK EN LIKE
INFO: CLICK EN LIKE
INFO: CLICK EN LIKE
INFO: CLICK EN LIKE
INFO: CLICK EN LIKE
INFO: CLICK EN LIKE
INFO: CLICK EN LIKE
INFO: CLICK EN DISLIKE
INFO: CLICK EN DISLIKE
INFO: CLICK EN DISLIKE
INFO: CLICK EN DISLIKE
INFO: CLICK EN DISLIKE
INFO: CLICK EN DISLIKE
INFO: CLICK EN DISLIKE
INFO: CLICK EN DISLIKE
INFO: CLICK EN DISLIKE
INFO: CLICK EN DISLIKE
INFO: CLICK EN DISLIKE
{message : Inicio de la aplicación WallPost , Level : INFO{message : Click en Like , Level : INFO{message : Click en Like , Level : INFO{message : Click en Like , Level : INFO{message : Click en Like , Level : INFO{message : Click en Like , Level : INFO{message : Click en Like , Level : INFO{message : Click en Like , Level : INFO{message : Click en Like , Level : INFO{message : Click en Like , Level : INFO{message : Click en Like , Level : INFO{message : Click en Like , Level : INFO{message : Click en Like , Level : INFO{message : Click en Dislike , Level : INFO{message : Click en Dislike , Level : INFO{message : Click en Dislike , Level : INFO{message : Click en Dislike , Level : INFO{message : Click en Dislike , Level : INFO{message : Click en Dislike , Level : INFO{message : Click en Dislike , Level : INFO{message : Click en Dislike , Level : INFO{message : Click en Dislike , Level : INFO{message : Click en Dislike , Level : INFO{message : Click en Dislike , Level : INFO{message : Click en Dislike , Level : INFO{message : Click en Featured: activado , Level : INFO{message : Click en Featured: desactivado , Level : INFO{message : Click en Featured: activado , Level : INFO